<?xml version="1.0" encoding="UTF-8"?>
<testng-results ignored="0" total="1" passed="1" failed="0" skipped="0">
  <reporter-output>
  </reporter-output>
  <suite started-at="2021-12-02T19:17:56 IST" name="Default suite" finished-at="2021-12-02T19:18:11 IST" duration-ms="15069">
    <groups>
    </groups>
    <test started-at="2021-12-02T19:17:56 IST" name="Default test" finished-at="2021-12-02T19:18:11 IST" duration-ms="15069">
      <class name="commonSteps.TestWebUtility">
        <test-method is-config="true" signature="beforeClass()[pri:0, instance:commonSteps.TestWebUtility@2abf4075]" started-at="2021-12-02T19:17:56 IST" name="beforeClass" finished-at="2021-12-02T19:18:05 IST" duration-ms="8899" status="PASS">
          <reporter-output>
          </reporter-output>
        </test-method> <!-- beforeClass -->
        <test-method signature="test()[pri:0, instance:commonSteps.TestWebUtility@2abf4075]" started-at="2021-12-02T19:18:05 IST" name="test" finished-at="2021-12-02T19:18:11 IST" duration-ms="6095" status="PASS">
          <reporter-output>
          </reporter-output>
        </test-method> <!-- test -->
      </class> <!-- commonSteps.TestWebUtility -->
    </test> <!-- Default test -->
  </suite> <!-- Default suite -->
</testng-results>
