<?xml version="1.0" encoding="UTF-8"?>
<testng-results ignored="0" total="1" passed="1" failed="0" skipped="0">
  <reporter-output>
  </reporter-output>
  <suite started-at="2021-12-05T17:39:53 IST" name="Default suite" finished-at="2021-12-05T17:40:03 IST" duration-ms="9653">
    <groups>
    </groups>
    <test started-at="2021-12-05T17:39:53 IST" name="Default test" finished-at="2021-12-05T17:40:03 IST" duration-ms="9653">
      <class name="commonSteps.TestWebUtility">
        <test-method is-config="true" signature="beforeClass()[pri:0, instance:commonSteps.TestWebUtility@6968bcec]" started-at="2021-12-05T17:39:53 IST" name="beforeClass" finished-at="2021-12-05T17:39:58 IST" duration-ms="5234" status="PASS">
          <reporter-output>
          </reporter-output>
        </test-method> <!-- beforeClass -->
        <test-method signature="test()[pri:0, instance:commonSteps.TestWebUtility@6968bcec]" started-at="2021-12-05T17:39:58 IST" name="test" finished-at="2021-12-05T17:40:03 IST" duration-ms="4322" status="PASS">
          <reporter-output>
          </reporter-output>
        </test-method> <!-- test -->
      </class> <!-- commonSteps.TestWebUtility -->
    </test> <!-- Default test -->
  </suite> <!-- Default suite -->
</testng-results>
